-------------------------------------------------------------------------------
Test set: TestSuite
-------------------------------------------------------------------------------
Tests run: 2, Failures: 1, Errors: 0, Skipped: 0, Time elapsed: 123.21 s <<< FAILURE! - in TestSuite
testRunners.TestRunner.runScenario["Verify that full content news has expected information", "Optional[Test Tech Blog Website]"](2)  Time elapsed: 44.992 s  <<< FAILURE!
java.lang.AssertionError

